This file contains any messages produced by compilers while
running configure, to aid debugging if configure makes a mistake.

It was created by hello configure 1.2, which was
generated by GNU Autoconf 2.63.  Invocation command line was

  $ ./configure 

## --------- ##
## Platform. ##
## --------- ##

hostname = studentworks
uname -m = x86_64
uname -r = 2.6.32-573.8.1.el6.x86_64
uname -s = Linux
uname -v = #1 SMP Tue Nov 10 18:01:38 UTC 2015

/usr/bin/uname -p = unknown
/bin/uname -X     = unknown

/bin/arch              = x86_64
/usr/bin/arch -k       = unknown
/usr/convex/getsysinfo = unknown
/usr/bin/hostinfo      = unknown
/bin/machine           = unknown
/usr/bin/oslevel       = unknown
/bin/universe          = unknown

PATH: /usr/local/share/jdk1.6.0_33/bin
PATH: /media/data/ingenic/work/code/elf-work/out/host/linux-x86/bin
PATH: /media/data/ingenic/work/code/elf-work/prebuilts/gcc/linux-x86/mips/mipsel-linux-android-4.7/bin
PATH: /media/data/ingenic/work/code/elf-work/development/emulator/qtools
PATH: /media/data/ingenic/work/code/elf-work/prebuilts/gcc/linux-x86/mips/mipsel-linux-android-4.7/bin
PATH: /media/data/ingenic/work/code/elf-work/development/scripts
PATH: /media/data/ingenic/work/code/elf-work/prebuilts/devtools/tools
PATH: /usr/local/share/qemu/bin/
PATH: /media/data/opensource/apache-ant-1.9.6/dist//bin
PATH: /media/data/git-repo
PATH: /usr/local/share/qemu/bin/
PATH: /media/data/opensource/apache-ant-1.9.6/dist//bin
PATH: /media/data/git-repo
PATH: /media/data/opensource/apache-ant-1.9.6/dist//bin
PATH: /media/data/git-repo
PATH: /usr/lib64/qt-3.3/bin
PATH: /usr/local/bin
PATH: /usr/bin
PATH: /bin
PATH: /usr/local/sbin
PATH: /usr/sbin
PATH: /sbin
PATH: /home/ingenic/Software/android-ndk-r9d/
PATH: /usr/local/share/toolbox/
PATH: /home/ingenic/bin
PATH: /home/ingenic/Software/android-ndk-r9d/
PATH: /usr/local/share/toolbox/
PATH: /usr/local/share/jdk1.6.0_33/bin
PATH: /home/ingenic/Software/android-ndk-r9d/
PATH: /usr/local/share/toolbox/


## ----------- ##
## Core tests. ##
## ----------- ##

configure:2070: checking for a BSD-compatible install
configure:2138: result: /usr/bin/install -c
configure:2149: checking whether build environment is sane
configure:2209: result: yes
configure:2350: checking for a thread-safe mkdir -p
configure:2389: result: /bin/mkdir -p
configure:2402: checking for gawk
configure:2418: found /usr/bin/gawk
configure:2429: result: gawk
configure:2440: checking whether make sets $(MAKE)
configure:2462: result: yes
configure:2594: checking for gcc
configure:2610: found /usr/bin/gcc
configure:2621: result: gcc
configure:2853: checking for C compiler version
configure:2861: gcc --version >&5
gcc (GCC) 4.4.7 20120313 (Red Hat 4.4.7-16)
Copyright (C) 2010 Free Software Foundation, Inc.
This is free software; see the source for copying conditions.  There is NO
warranty; not even for MERCHANTABILITY or FITNESS FOR A PARTICULAR PURPOSE.

configure:2865: $? = 0
configure:2872: gcc -v >&5
Using built-in specs.
Target: x86_64-redhat-linux
Configured with: ../configure --prefix=/usr --mandir=/usr/share/man --infodir=/usr/share/info --with-bugurl=http://bugzilla.redhat.com/bugzilla --enable-bootstrap --enable-shared --enable-threads=posix --enable-checking=release --with-system-zlib --enable-__cxa_atexit --disable-libunwind-exceptions --enable-gnu-unique-object --enable-languages=c,c++,objc,obj-c++,java,fortran,ada --enable-java-awt=gtk --disable-dssi --with-java-home=/usr/lib/jvm/java-1.5.0-gcj-1.5.0.0/jre --enable-libgcj-multifile --enable-java-maintainer-mode --with-ecj-jar=/usr/share/java/eclipse-ecj.jar --disable-libjava-multilib --with-ppl --with-cloog --with-tune=generic --with-arch_32=i686 --build=x86_64-redhat-linux
Thread model: posix
gcc version 4.4.7 20120313 (Red Hat 4.4.7-16) (GCC) 
configure:2876: $? = 0
configure:2883: gcc -V >&5
gcc: '-V' option must have argument
configure:2887: $? = 1
configure:2910: checking for C compiler default output file name
configure:2932: gcc    conftest.c  >&5
configure:2936: $? = 0
configure:2974: result: a.out
configure:2993: checking whether the C compiler works
configure:3003: ./a.out
configure:3007: $? = 0
configure:3026: result: yes
configure:3033: checking whether we are cross compiling
configure:3035: result: no
configure:3038: checking for suffix of executables
configure:3045: gcc -o conftest    conftest.c  >&5
configure:3049: $? = 0
configure:3075: result: 
configure:3081: checking for suffix of object files
configure:3107: gcc -c   conftest.c >&5
configure:3111: $? = 0
configure:3136: result: o
configure:3140: checking whether we are using the GNU C compiler
configure:3169: gcc -c   conftest.c >&5
configure:3176: $? = 0
configure:3193: result: yes
configure:3202: checking whether gcc accepts -g
configure:3232: gcc -c -g  conftest.c >&5
configure:3239: $? = 0
configure:3340: result: yes
configure:3357: checking for gcc option to accept ISO C89
configure:3431: gcc  -c -g -O2  conftest.c >&5
configure:3438: $? = 0
configure:3461: result: none needed
configure:3490: checking for style of include used by make
configure:3518: result: GNU
configure:3543: checking dependency style of gcc
configure:3653: result: gcc3
configure:3704: checking build system type
configure:3722: result: x86_64-unknown-linux-gnu
configure:3744: checking host system type
configure:3759: result: x86_64-unknown-linux-gnu
configure:3781: checking for a sed that does not truncate output
configure:3847: result: /bin/sed
configure:3865: checking for grep that handles long lines and -e
configure:3925: result: /bin/grep
configure:3930: checking for egrep
configure:3994: result: /bin/grep -E
configure:3999: checking for fgrep
configure:4063: result: /bin/grep -F
configure:4098: checking for ld used by gcc
configure:4165: result: /usr/bin/ld
configure:4174: checking if the linker (/usr/bin/ld) is GNU ld
configure:4189: result: yes
configure:4201: checking for BSD- or MS-compatible name lister (nm)
configure:4250: result: /usr/bin/nm -B
configure:4368: checking the name lister (/usr/bin/nm -B) interface
configure:4375: gcc -c -g -O2  conftest.c >&5
configure:4378: /usr/bin/nm -B "conftest.o"
configure:4381: output
0000000000000000 B some_variable
configure:4388: result: BSD nm
configure:4391: checking whether ln -s works
configure:4395: result: yes
configure:4403: checking the maximum length of command line arguments
configure:4523: result: 1966080
configure:4540: checking whether the shell understands some XSI constructs
configure:4550: result: yes
configure:4554: checking whether the shell understands "+="
configure:4560: result: yes
configure:4595: checking for /usr/bin/ld option to reload object files
configure:4602: result: -r
configure:4671: checking for objdump
configure:4687: found /usr/bin/objdump
configure:4698: result: objdump
configure:4730: checking how to recognize dependent libraries
configure:4926: result: pass_all
configure:4986: checking for ar
configure:5002: found /usr/bin/ar
configure:5013: result: ar
configure:5091: checking for strip
configure:5107: found /usr/bin/strip
configure:5118: result: strip
configure:5190: checking for ranlib
configure:5206: found /usr/bin/ranlib
configure:5217: result: ranlib
configure:5307: checking command to parse /usr/bin/nm -B output from gcc object
configure:5425: gcc -c -g -O2  conftest.c >&5
configure:5428: $? = 0
configure:5432: /usr/bin/nm -B conftest.o \| sed -n -e 's/^.*[	 ]\([ABCDGIRSTW][ABCDGIRSTW]*\)[	 ][	 ]*\([_A-Za-z][_A-Za-z0-9]*\)$/\1 \2 \2/p' \> conftest.nm
configure:5435: $? = 0
configure:5489: gcc -o conftest -g -O2   conftest.c conftstm.o >&5
configure:5492: $? = 0
configure:5530: result: ok
configure:5626: gcc -c -g -O2  conftest.c >&5
configure:5629: $? = 0
configure:6397: checking how to run the C preprocessor
configure:6437: gcc -E  conftest.c
configure:6444: $? = 0
configure:6475: gcc -E  conftest.c
conftest.c:10:28: error: ac_nonexistent.h: No such file or directory
configure:6482: $? = 1
configure: failed program was:
| /* confdefs.h.  */
| #define PACKAGE_NAME "hello"
| #define PACKAGE_TARNAME "hello"
| #define PACKAGE_VERSION "1.2"
| #define PACKAGE_STRING "hello 1.2"
| #define PACKAGE_BUGREPORT "jiankangshiye@aliyun.com"
| #define PACKAGE "hello"
| #define VERSION "1.1"
| /* end confdefs.h.  */
| #include <ac_nonexistent.h>
configure:6515: result: gcc -E
configure:6544: gcc -E  conftest.c
configure:6551: $? = 0
configure:6582: gcc -E  conftest.c
conftest.c:10:28: error: ac_nonexistent.h: No such file or directory
configure:6589: $? = 1
configure: failed program was:
| /* confdefs.h.  */
| #define PACKAGE_NAME "hello"
| #define PACKAGE_TARNAME "hello"
| #define PACKAGE_VERSION "1.2"
| #define PACKAGE_STRING "hello 1.2"
| #define PACKAGE_BUGREPORT "jiankangshiye@aliyun.com"
| #define PACKAGE "hello"
| #define VERSION "1.1"
| /* end confdefs.h.  */
| #include <ac_nonexistent.h>
configure:6629: checking for ANSI C header files
configure:6659: gcc -c -g -O2  conftest.c >&5
configure:6666: $? = 0
configure:6765: gcc -o conftest -g -O2   conftest.c  >&5
configure:6769: $? = 0
configure:6775: ./conftest
configure:6779: $? = 0
configure:6797: result: yes
configure:6821: checking for sys/types.h
configure:6842: gcc -c -g -O2  conftest.c >&5
configure:6849: $? = 0
configure:6866: result: yes
configure:6821: checking for sys/stat.h
configure:6842: gcc -c -g -O2  conftest.c >&5
configure:6849: $? = 0
configure:6866: result: yes
configure:6821: checking for stdlib.h
configure:6842: gcc -c -g -O2  conftest.c >&5
configure:6849: $? = 0
configure:6866: result: yes
configure:6821: checking for string.h
configure:6842: gcc -c -g -O2  conftest.c >&5
configure:6849: $? = 0
configure:6866: result: yes
configure:6821: checking for memory.h
configure:6842: gcc -c -g -O2  conftest.c >&5
configure:6849: $? = 0
configure:6866: result: yes
configure:6821: checking for strings.h
configure:6842: gcc -c -g -O2  conftest.c >&5
configure:6849: $? = 0
configure:6866: result: yes
configure:6821: checking for inttypes.h
configure:6842: gcc -c -g -O2  conftest.c >&5
configure:6849: $? = 0
configure:6866: result: yes
configure:6821: checking for stdint.h
configure:6842: gcc -c -g -O2  conftest.c >&5
configure:6849: $? = 0
configure:6866: result: yes
configure:6821: checking for unistd.h
configure:6842: gcc -c -g -O2  conftest.c >&5
configure:6849: $? = 0
configure:6866: result: yes
configure:6884: checking for dlfcn.h
configure:6905: gcc -c -g -O2  conftest.c >&5
configure:6912: $? = 0
configure:6929: result: yes
configure:7115: checking for objdir
configure:7130: result: .libs
configure:7422: checking if gcc supports -fno-rtti -fno-exceptions
configure:7440: gcc -c -g -O2  -fno-rtti -fno-exceptions conftest.c >&5
cc1: warning: command line option "-fno-rtti" is valid for C++/ObjC++ but not for C
configure:7444: $? = 0
configure:7457: result: no
configure:7477: checking for gcc option to produce PIC
configure:7749: result: -fPIC -DPIC
configure:7761: checking if gcc PIC flag -fPIC -DPIC works
configure:7779: gcc -c -g -O2  -fPIC -DPIC -DPIC conftest.c >&5
configure:7783: $? = 0
configure:7796: result: yes
configure:7820: checking if gcc static flag -static works
configure:7848: result: no
configure:7863: checking if gcc supports -c -o file.o
configure:7884: gcc -c -g -O2  -o out/conftest2.o conftest.c >&5
configure:7888: $? = 0
configure:7910: result: yes
configure:7918: checking if gcc supports -c -o file.o
configure:7965: result: yes
configure:7998: checking whether the gcc linker (/usr/bin/ld -m elf_x86_64) supports shared libraries
configure:9072: result: yes
configure:9109: checking whether -lc should be explicitly linked in
configure:9114: gcc -c -g -O2  conftest.c >&5
configure:9117: $? = 0
configure:9132: gcc -shared conftest.o  -v -Wl,-soname -Wl,conftest -o conftest 2\>\&1 \| /bin/grep  -lc  \>/dev/null 2\>\&1
configure:9135: $? = 0
configure:9147: result: no
configure:9311: checking dynamic linker characteristics
configure:9754: gcc -o conftest -g -O2   -Wl,-rpath -Wl,/foo conftest.c  >&5
configure:9761: $? = 0
configure:9997: result: GNU/Linux ld.so
configure:10099: checking how to hardcode library paths into programs
configure:10124: result: immediate
configure:10957: checking whether stripping libraries is possible
configure:10962: result: yes
configure:10997: checking if libtool supports shared libraries
configure:10999: result: yes
configure:11002: checking whether to build shared libraries
configure:11023: result: yes
configure:11026: checking whether to build static libraries
configure:11030: result: yes
configure:11237: creating ./config.status

## ---------------------- ##
## Running config.status. ##
## ---------------------- ##

This file was extended by hello config.status 1.2, which was
generated by GNU Autoconf 2.63.  Invocation command line was

  CONFIG_FILES    = 
  CONFIG_HEADERS  = 
  CONFIG_LINKS    = 
  CONFIG_COMMANDS = 
  $ ./config.status 

on studentworks

config.status:905: creating Makefile
config.status:905: creating head/Makefile
config.status:905: creating src/Makefile
config.status:1116: executing depfiles commands
config.status:1116: executing libtool commands

## ---------------- ##
## Cache variables. ##
## ---------------- ##

ac_cv_build=x86_64-unknown-linux-gnu
ac_cv_c_compiler_gnu=yes
ac_cv_env_CC_set=
ac_cv_env_CC_value=
ac_cv_env_CFLAGS_set=
ac_cv_env_CFLAGS_value=
ac_cv_env_CPPFLAGS_set=
ac_cv_env_CPPFLAGS_value=
ac_cv_env_CPP_set=
ac_cv_env_CPP_value=
ac_cv_env_LDFLAGS_set=
ac_cv_env_LDFLAGS_value=
ac_cv_env_LIBS_set=
ac_cv_env_LIBS_value=
ac_cv_env_build_alias_set=
ac_cv_env_build_alias_value=
ac_cv_env_host_alias_set=
ac_cv_env_host_alias_value=
ac_cv_env_target_alias_set=
ac_cv_env_target_alias_value=
ac_cv_header_dlfcn_h=yes
ac_cv_header_inttypes_h=yes
ac_cv_header_memory_h=yes
ac_cv_header_stdc=yes
ac_cv_header_stdint_h=yes
ac_cv_header_stdlib_h=yes
ac_cv_header_string_h=yes
ac_cv_header_strings_h=yes
ac_cv_header_sys_stat_h=yes
ac_cv_header_sys_types_h=yes
ac_cv_header_unistd_h=yes
ac_cv_host=x86_64-unknown-linux-gnu
ac_cv_objext=o
ac_cv_path_EGREP='/bin/grep -E'
ac_cv_path_FGREP='/bin/grep -F'
ac_cv_path_GREP=/bin/grep
ac_cv_path_SED=/bin/sed
ac_cv_path_install='/usr/bin/install -c'
ac_cv_path_mkdir=/bin/mkdir
ac_cv_prog_AWK=gawk
ac_cv_prog_CPP='gcc -E'
ac_cv_prog_ac_ct_AR=ar
ac_cv_prog_ac_ct_CC=gcc
ac_cv_prog_ac_ct_OBJDUMP=objdump
ac_cv_prog_ac_ct_RANLIB=ranlib
ac_cv_prog_ac_ct_STRIP=strip
ac_cv_prog_cc_c89=
ac_cv_prog_cc_g=yes
ac_cv_prog_make_make_set=yes
am_cv_CC_dependencies_compiler_type=gcc3
lt_cv_deplibs_check_method=pass_all
lt_cv_file_magic_cmd='$MAGIC_CMD'
lt_cv_file_magic_test_file=
lt_cv_ld_reload_flag=-r
lt_cv_nm_interface='BSD nm'
lt_cv_objdir=.libs
lt_cv_path_LD=/usr/bin/ld
lt_cv_path_NM='/usr/bin/nm -B'
lt_cv_prog_compiler_c_o=yes
lt_cv_prog_compiler_pic_works=yes
lt_cv_prog_compiler_rtti_exceptions=no
lt_cv_prog_compiler_static_works=no
lt_cv_prog_gnu_ld=yes
lt_cv_sys_global_symbol_pipe='sed -n -e '\''s/^.*[	 ]\([ABCDGIRSTW][ABCDGIRSTW]*\)[	 ][	 ]*\([_A-Za-z][_A-Za-z0-9]*\)$/\1 \2 \2/p'\'''
lt_cv_sys_global_symbol_to_c_name_address='sed -n -e '\''s/^: \([^ ]*\) $/  {\"\1\", (void *) 0},/p'\'' -e '\''s/^[ABCDGIRSTW]* \([^ ]*\) \([^ ]*\)$/  {"\2", (void *) \&\2},/p'\'''
lt_cv_sys_global_symbol_to_c_name_address_lib_prefix='sed -n -e '\''s/^: \([^ ]*\) $/  {\"\1\", (void *) 0},/p'\'' -e '\''s/^[ABCDGIRSTW]* \([^ ]*\) \(lib[^ ]*\)$/  {"\2", (void *) \&\2},/p'\'' -e '\''s/^[ABCDGIRSTW]* \([^ ]*\) \([^ ]*\)$/  {"lib\2", (void *) \&\2},/p'\'''
lt_cv_sys_global_symbol_to_cdecl='sed -n -e '\''s/^T .* \(.*\)$/extern int \1();/p'\'' -e '\''s/^[ABCDGIRSTW]* .* \(.*\)$/extern char \1;/p'\'''
lt_cv_sys_max_cmd_len=1966080

## ----------------- ##
## Output variables. ##
## ----------------- ##

ACLOCAL='${SHELL} /media/data/ingenic/C/makefile/automake/deep_automake/helloworld_dynamic_lib/missing --run aclocal-1.11'
AMDEPBACKSLASH='\'
AMDEP_FALSE='#'
AMDEP_TRUE=''
AMTAR='${SHELL} /media/data/ingenic/C/makefile/automake/deep_automake/helloworld_dynamic_lib/missing --run tar'
AR='ar'
AUTOCONF='${SHELL} /media/data/ingenic/C/makefile/automake/deep_automake/helloworld_dynamic_lib/missing --run autoconf'
AUTOHEADER='${SHELL} /media/data/ingenic/C/makefile/automake/deep_automake/helloworld_dynamic_lib/missing --run autoheader'
AUTOMAKE='${SHELL} /media/data/ingenic/C/makefile/automake/deep_automake/helloworld_dynamic_lib/missing --run automake-1.11'
AWK='gawk'
CC='gcc'
CCDEPMODE='depmode=gcc3'
CFLAGS='-g -O2'
CPP='gcc -E'
CPPFLAGS=''
CYGPATH_W='echo'
DEFS='-DPACKAGE_NAME=\"hello\" -DPACKAGE_TARNAME=\"hello\" -DPACKAGE_VERSION=\"1.2\" -DPACKAGE_STRING=\"hello\ 1.2\" -DPACKAGE_BUGREPORT=\"jiankangshiye@aliyun.com\" -DPACKAGE=\"hello\" -DVERSION=\"1.1\" -DSTDC_HEADERS=1 -DHAVE_SYS_TYPES_H=1 -DHAVE_SYS_STAT_H=1 -DHAVE_STDLIB_H=1 -DHAVE_STRING_H=1 -DHAVE_MEMORY_H=1 -DHAVE_STRINGS_H=1 -DHAVE_INTTYPES_H=1 -DHAVE_STDINT_H=1 -DHAVE_UNISTD_H=1 -DHAVE_DLFCN_H=1 -DLT_OBJDIR=\".libs/\"'
DEPDIR='.deps'
DSYMUTIL=''
DUMPBIN=''
ECHO_C=''
ECHO_N='-n'
ECHO_T=''
EGREP='/bin/grep -E'
EXEEXT=''
FGREP='/bin/grep -F'
GREP='/bin/grep'
INSTALL_DATA='${INSTALL} -m 644'
INSTALL_PROGRAM='${INSTALL}'
INSTALL_SCRIPT='${INSTALL}'
INSTALL_STRIP_PROGRAM='$(install_sh) -c -s'
LD='/usr/bin/ld -m elf_x86_64'
LDFLAGS=''
LIBOBJS=''
LIBS=''
LIBTOOL='$(SHELL) $(top_builddir)/libtool'
LIPO=''
LN_S='ln -s'
LTLIBOBJS=''
MAKEINFO='${SHELL} /media/data/ingenic/C/makefile/automake/deep_automake/helloworld_dynamic_lib/missing --run makeinfo'
MKDIR_P='/bin/mkdir -p'
NM='/usr/bin/nm -B'
NMEDIT=''
OBJDUMP='objdump'
OBJEXT='o'
OTOOL64=''
OTOOL=''
PACKAGE='hello'
PACKAGE_BUGREPORT='jiankangshiye@aliyun.com'
PACKAGE_NAME='hello'
PACKAGE_STRING='hello 1.2'
PACKAGE_TARNAME='hello'
PACKAGE_VERSION='1.2'
PATH_SEPARATOR=':'
RANLIB='ranlib'
SED='/bin/sed'
SET_MAKE=''
SHELL='/bin/sh'
STRIP='strip'
VERSION='1.1'
ac_ct_CC='gcc'
ac_ct_DUMPBIN=''
am__EXEEXT_FALSE=''
am__EXEEXT_TRUE='#'
am__fastdepCC_FALSE='#'
am__fastdepCC_TRUE=''
am__include='include'
am__isrc=''
am__leading_dot='.'
am__quote=''
am__tar='${AMTAR} chof - "$$tardir"'
am__untar='${AMTAR} xf -'
bindir='${exec_prefix}/bin'
build='x86_64-unknown-linux-gnu'
build_alias=''
build_cpu='x86_64'
build_os='linux-gnu'
build_vendor='unknown'
datadir='${datarootdir}'
datarootdir='${prefix}/share'
docdir='${datarootdir}/doc/${PACKAGE_TARNAME}'
dvidir='${docdir}'
exec_prefix='${prefix}'
host='x86_64-unknown-linux-gnu'
host_alias=''
host_cpu='x86_64'
host_os='linux-gnu'
host_vendor='unknown'
htmldir='${docdir}'
includedir='${prefix}/include'
infodir='${datarootdir}/info'
install_sh='${SHELL} /media/data/ingenic/C/makefile/automake/deep_automake/helloworld_dynamic_lib/install-sh'
libdir='${exec_prefix}/lib'
libexecdir='${exec_prefix}/libexec'
localedir='${datarootdir}/locale'
localstatedir='${prefix}/var'
lt_ECHO='echo'
mandir='${datarootdir}/man'
mkdir_p='/bin/mkdir -p'
oldincludedir='/usr/include'
pdfdir='${docdir}'
prefix='/usr/local'
program_transform_name='s,x,x,'
psdir='${docdir}'
sbindir='${exec_prefix}/sbin'
sharedstatedir='${prefix}/com'
sysconfdir='${prefix}/etc'
target_alias=''

## ----------- ##
## confdefs.h. ##
## ----------- ##

#define PACKAGE_NAME "hello"
#define PACKAGE_TARNAME "hello"
#define PACKAGE_VERSION "1.2"
#define PACKAGE_STRING "hello 1.2"
#define PACKAGE_BUGREPORT "jiankangshiye@aliyun.com"
#define PACKAGE "hello"
#define VERSION "1.1"
#define STDC_HEADERS 1
#define HAVE_SYS_TYPES_H 1
#define HAVE_SYS_STAT_H 1
#define HAVE_STDLIB_H 1
#define HAVE_STRING_H 1
#define HAVE_MEMORY_H 1
#define HAVE_STRINGS_H 1
#define HAVE_INTTYPES_H 1
#define HAVE_STDINT_H 1
#define HAVE_UNISTD_H 1
#define HAVE_DLFCN_H 1
#define LT_OBJDIR ".libs/"

configure: exit 0
