This file contains any messages produced by compilers while
running configure, to aid debugging if configure makes a mistake.

It was created by hello configure 1.2, which was
generated by GNU Autoconf 2.63.  Invocation command line was

  $ ./configure 

## --------- ##
## Platform. ##
## --------- ##

hostname = studentworks
uname -m = x86_64
uname -r = 2.6.32-573.8.1.el6.x86_64
uname -s = Linux
uname -v = #1 SMP Tue Nov 10 18:01:38 UTC 2015

/usr/bin/uname -p = unknown
/bin/uname -X     = unknown

/bin/arch              = x86_64
/usr/bin/arch -k       = unknown
/usr/convex/getsysinfo = unknown
/usr/bin/hostinfo      = unknown
/bin/machine           = unknown
/usr/bin/oslevel       = unknown
/bin/universe          = unknown

PATH: /usr/local/share/jdk1.6.0_33/bin
PATH: /media/data/ingenic/work/code/elf-work/out/host/linux-x86/bin
PATH: /media/data/ingenic/work/code/elf-work/prebuilts/gcc/linux-x86/mips/mipsel-linux-android-4.7/bin
PATH: /media/data/ingenic/work/code/elf-work/development/emulator/qtools
PATH: /media/data/ingenic/work/code/elf-work/prebuilts/gcc/linux-x86/mips/mipsel-linux-android-4.7/bin
PATH: /media/data/ingenic/work/code/elf-work/development/scripts
PATH: /media/data/ingenic/work/code/elf-work/prebuilts/devtools/tools
PATH: /usr/local/share/qemu/bin/
PATH: /media/data/opensource/apache-ant-1.9.6/dist//bin
PATH: /media/data/git-repo
PATH: /usr/local/share/qemu/bin/
PATH: /media/data/opensource/apache-ant-1.9.6/dist//bin
PATH: /media/data/git-repo
PATH: /media/data/opensource/apache-ant-1.9.6/dist//bin
PATH: /media/data/git-repo
PATH: /usr/lib64/qt-3.3/bin
PATH: /usr/local/bin
PATH: /usr/bin
PATH: /bin
PATH: /usr/local/sbin
PATH: /usr/sbin
PATH: /sbin
PATH: /home/ingenic/Software/android-ndk-r9d/
PATH: /usr/local/share/toolbox/
PATH: /home/ingenic/bin
PATH: /home/ingenic/Software/android-ndk-r9d/
PATH: /usr/local/share/toolbox/
PATH: /usr/local/share/jdk1.6.0_33/bin
PATH: /home/ingenic/Software/android-ndk-r9d/
PATH: /usr/local/share/toolbox/


## ----------- ##
## Core tests. ##
## ----------- ##

configure:1834: checking for a BSD-compatible install
configure:1902: result: /usr/bin/install -c
configure:1913: checking whether build environment is sane
configure:1973: result: yes
configure:2114: checking for a thread-safe mkdir -p
configure:2153: result: /bin/mkdir -p
configure:2166: checking for gawk
configure:2182: found /usr/bin/gawk
configure:2193: result: gawk
configure:2204: checking whether make sets $(MAKE)
configure:2226: result: yes
configure:2358: checking for gcc
configure:2374: found /usr/bin/gcc
configure:2385: result: gcc
configure:2617: checking for C compiler version
configure:2625: gcc --version >&5
gcc (GCC) 4.4.7 20120313 (Red Hat 4.4.7-16)
Copyright (C) 2010 Free Software Foundation, Inc.
This is free software; see the source for copying conditions.  There is NO
warranty; not even for MERCHANTABILITY or FITNESS FOR A PARTICULAR PURPOSE.

configure:2629: $? = 0
configure:2636: gcc -v >&5
Using built-in specs.
Target: x86_64-redhat-linux
Configured with: ../configure --prefix=/usr --mandir=/usr/share/man --infodir=/usr/share/info --with-bugurl=http://bugzilla.redhat.com/bugzilla --enable-bootstrap --enable-shared --enable-threads=posix --enable-checking=release --with-system-zlib --enable-__cxa_atexit --disable-libunwind-exceptions --enable-gnu-unique-object --enable-languages=c,c++,objc,obj-c++,java,fortran,ada --enable-java-awt=gtk --disable-dssi --with-java-home=/usr/lib/jvm/java-1.5.0-gcj-1.5.0.0/jre --enable-libgcj-multifile --enable-java-maintainer-mode --with-ecj-jar=/usr/share/java/eclipse-ecj.jar --disable-libjava-multilib --with-ppl --with-cloog --with-tune=generic --with-arch_32=i686 --build=x86_64-redhat-linux
Thread model: posix
gcc version 4.4.7 20120313 (Red Hat 4.4.7-16) (GCC) 
configure:2640: $? = 0
configure:2647: gcc -V >&5
gcc: '-V' option must have argument
configure:2651: $? = 1
configure:2674: checking for C compiler default output file name
configure:2696: gcc    conftest.c  >&5
configure:2700: $? = 0
configure:2738: result: a.out
configure:2757: checking whether the C compiler works
configure:2767: ./a.out
configure:2771: $? = 0
configure:2790: result: yes
configure:2797: checking whether we are cross compiling
configure:2799: result: no
configure:2802: checking for suffix of executables
configure:2809: gcc -o conftest    conftest.c  >&5
configure:2813: $? = 0
configure:2839: result: 
configure:2845: checking for suffix of object files
configure:2871: gcc -c   conftest.c >&5
configure:2875: $? = 0
configure:2900: result: o
configure:2904: checking whether we are using the GNU C compiler
configure:2933: gcc -c   conftest.c >&5
configure:2940: $? = 0
configure:2957: result: yes
configure:2966: checking whether gcc accepts -g
configure:2996: gcc -c -g  conftest.c >&5
configure:3003: $? = 0
configure:3104: result: yes
configure:3121: checking for gcc option to accept ISO C89
configure:3195: gcc  -c -g -O2  conftest.c >&5
configure:3202: $? = 0
configure:3225: result: none needed
configure:3254: checking for style of include used by make
configure:3282: result: GNU
configure:3307: checking dependency style of gcc
configure:3417: result: gcc3
configure:3477: checking for ranlib
configure:3493: found /usr/bin/ranlib
configure:3504: result: ranlib
configure:3697: creating ./config.status

## ---------------------- ##
## Running config.status. ##
## ---------------------- ##

This file was extended by hello config.status 1.2, which was
generated by GNU Autoconf 2.63.  Invocation command line was

  CONFIG_FILES    = 
  CONFIG_HEADERS  = 
  CONFIG_LINKS    = 
  CONFIG_COMMANDS = 
  $ ./config.status 

on studentworks

config.status:692: creating Makefile
config.status:692: creating head/Makefile
config.status:692: creating src/Makefile
config.status:903: executing depfiles commands

## ---------------- ##
## Cache variables. ##
## ---------------- ##

ac_cv_c_compiler_gnu=yes
ac_cv_env_CC_set=
ac_cv_env_CC_value=
ac_cv_env_CFLAGS_set=
ac_cv_env_CFLAGS_value=
ac_cv_env_CPPFLAGS_set=
ac_cv_env_CPPFLAGS_value=
ac_cv_env_LDFLAGS_set=
ac_cv_env_LDFLAGS_value=
ac_cv_env_LIBS_set=
ac_cv_env_LIBS_value=
ac_cv_env_build_alias_set=
ac_cv_env_build_alias_value=
ac_cv_env_host_alias_set=
ac_cv_env_host_alias_value=
ac_cv_env_target_alias_set=
ac_cv_env_target_alias_value=
ac_cv_objext=o
ac_cv_path_install='/usr/bin/install -c'
ac_cv_path_mkdir=/bin/mkdir
ac_cv_prog_AWK=gawk
ac_cv_prog_ac_ct_CC=gcc
ac_cv_prog_ac_ct_RANLIB=ranlib
ac_cv_prog_cc_c89=
ac_cv_prog_cc_g=yes
ac_cv_prog_make_make_set=yes
am_cv_CC_dependencies_compiler_type=gcc3

## ----------------- ##
## Output variables. ##
## ----------------- ##

ACLOCAL='${SHELL} /media/data/ingenic/C/makefile/automake/deep_automake/helloworld/missing --run aclocal-1.11'
AMDEPBACKSLASH='\'
AMDEP_FALSE='#'
AMDEP_TRUE=''
AMTAR='${SHELL} /media/data/ingenic/C/makefile/automake/deep_automake/helloworld/missing --run tar'
AUTOCONF='${SHELL} /media/data/ingenic/C/makefile/automake/deep_automake/helloworld/missing --run autoconf'
AUTOHEADER='${SHELL} /media/data/ingenic/C/makefile/automake/deep_automake/helloworld/missing --run autoheader'
AUTOMAKE='${SHELL} /media/data/ingenic/C/makefile/automake/deep_automake/helloworld/missing --run automake-1.11'
AWK='gawk'
CC='gcc'
CCDEPMODE='depmode=gcc3'
CFLAGS='-g -O2'
CPPFLAGS=''
CYGPATH_W='echo'
DEFS='-DPACKAGE_NAME=\"hello\" -DPACKAGE_TARNAME=\"hello\" -DPACKAGE_VERSION=\"1.2\" -DPACKAGE_STRING=\"hello\ 1.2\" -DPACKAGE_BUGREPORT=\"jiankangshiye@aliyun.com\" -DPACKAGE=\"hello\" -DVERSION=\"1.1\"'
DEPDIR='.deps'
ECHO_C=''
ECHO_N='-n'
ECHO_T=''
EXEEXT=''
INSTALL_DATA='${INSTALL} -m 644'
INSTALL_PROGRAM='${INSTALL}'
INSTALL_SCRIPT='${INSTALL}'
INSTALL_STRIP_PROGRAM='$(install_sh) -c -s'
LDFLAGS=''
LIBOBJS=''
LIBS=''
LTLIBOBJS=''
MAKEINFO='${SHELL} /media/data/ingenic/C/makefile/automake/deep_automake/helloworld/missing --run makeinfo'
MKDIR_P='/bin/mkdir -p'
OBJEXT='o'
PACKAGE='hello'
PACKAGE_BUGREPORT='jiankangshiye@aliyun.com'
PACKAGE_NAME='hello'
PACKAGE_STRING='hello 1.2'
PACKAGE_TARNAME='hello'
PACKAGE_VERSION='1.2'
PATH_SEPARATOR=':'
RANLIB='ranlib'
SET_MAKE=''
SHELL='/bin/sh'
STRIP=''
VERSION='1.1'
ac_ct_CC='gcc'
am__EXEEXT_FALSE=''
am__EXEEXT_TRUE='#'
am__fastdepCC_FALSE='#'
am__fastdepCC_TRUE=''
am__include='include'
am__isrc=''
am__leading_dot='.'
am__quote=''
am__tar='${AMTAR} chof - "$$tardir"'
am__untar='${AMTAR} xf -'
bindir='${exec_prefix}/bin'
build_alias=''
datadir='${datarootdir}'
datarootdir='${prefix}/share'
docdir='${datarootdir}/doc/${PACKAGE_TARNAME}'
dvidir='${docdir}'
exec_prefix='${prefix}'
host_alias=''
htmldir='${docdir}'
includedir='${prefix}/include'
infodir='${datarootdir}/info'
install_sh='${SHELL} /media/data/ingenic/C/makefile/automake/deep_automake/helloworld/install-sh'
libdir='${exec_prefix}/lib'
libexecdir='${exec_prefix}/libexec'
localedir='${datarootdir}/locale'
localstatedir='${prefix}/var'
mandir='${datarootdir}/man'
mkdir_p='/bin/mkdir -p'
oldincludedir='/usr/include'
pdfdir='${docdir}'
prefix='/usr/local'
program_transform_name='s,x,x,'
psdir='${docdir}'
sbindir='${exec_prefix}/sbin'
sharedstatedir='${prefix}/com'
sysconfdir='${prefix}/etc'
target_alias=''

## ----------- ##
## confdefs.h. ##
## ----------- ##

#define PACKAGE_NAME "hello"
#define PACKAGE_TARNAME "hello"
#define PACKAGE_VERSION "1.2"
#define PACKAGE_STRING "hello 1.2"
#define PACKAGE_BUGREPORT "jiankangshiye@aliyun.com"
#define PACKAGE "hello"
#define VERSION "1.1"

configure: exit 0
