This file contains any messages produced by compilers while
running configure, to aid debugging if configure makes a mistake.

It was created by hello configure 1.1, which was
generated by GNU Autoconf 2.63.  Invocation command line was

  $ ./configure 

## --------- ##
## Platform. ##
## --------- ##

hostname = studentworks
uname -m = x86_64
uname -r = 2.6.32-573.8.1.el6.x86_64
uname -s = Linux
uname -v = #1 SMP Tue Nov 10 18:01:38 UTC 2015

/usr/bin/uname -p = unknown
/bin/uname -X     = unknown

/bin/arch              = x86_64
/usr/bin/arch -k       = unknown
/usr/convex/getsysinfo = unknown
/usr/bin/hostinfo      = unknown
/bin/machine           = unknown
/usr/bin/oslevel       = unknown
/bin/universe          = unknown

PATH: /usr/local/share/jdk1.6.0_33/bin
PATH: /media/data/ingenic/work/code/elf-work/out/host/linux-x86/bin
PATH: /media/data/ingenic/work/code/elf-work/prebuilts/gcc/linux-x86/mips/mipsel-linux-android-4.7/bin
PATH: /media/data/ingenic/work/code/elf-work/development/emulator/qtools
PATH: /media/data/ingenic/work/code/elf-work/prebuilts/gcc/linux-x86/mips/mipsel-linux-android-4.7/bin
PATH: /media/data/ingenic/work/code/elf-work/development/scripts
PATH: /media/data/ingenic/work/code/elf-work/prebuilts/devtools/tools
PATH: /usr/local/share/qemu/bin/
PATH: /media/data/opensource/apache-ant-1.9.6/dist//bin
PATH: /media/data/git-repo
PATH: /usr/local/share/qemu/bin/
PATH: /media/data/opensource/apache-ant-1.9.6/dist//bin
PATH: /media/data/git-repo
PATH: /media/data/opensource/apache-ant-1.9.6/dist//bin
PATH: /media/data/git-repo
PATH: /usr/lib64/qt-3.3/bin
PATH: /usr/local/bin
PATH: /usr/bin
PATH: /bin
PATH: /usr/local/sbin
PATH: /usr/sbin
PATH: /sbin
PATH: /home/ingenic/Software/android-ndk-r9d/
PATH: /usr/local/share/toolbox/
PATH: /home/ingenic/bin
PATH: /home/ingenic/Software/android-ndk-r9d/
PATH: /usr/local/share/toolbox/
PATH: /usr/local/share/jdk1.6.0_33/bin
PATH: /home/ingenic/Software/android-ndk-r9d/
PATH: /usr/local/share/toolbox/


## ----------- ##
## Core tests. ##
## ----------- ##

configure:1834: checking for a BSD-compatible install
configure:1902: result: /usr/bin/install -c
configure:1913: checking whether build environment is sane
configure:1973: result: yes
configure:2114: checking for a thread-safe mkdir -p
configure:2153: result: /bin/mkdir -p
configure:2166: checking for gawk
configure:2182: found /usr/bin/gawk
configure:2193: result: gawk
configure:2204: checking whether make sets $(MAKE)
configure:2226: result: yes
configure:2357: checking for gcc
configure:2373: found /usr/bin/gcc
configure:2384: result: gcc
configure:2616: checking for C compiler version
configure:2624: gcc --version >&5
gcc (GCC) 4.4.7 20120313 (Red Hat 4.4.7-16)
Copyright (C) 2010 Free Software Foundation, Inc.
This is free software; see the source for copying conditions.  There is NO
warranty; not even for MERCHANTABILITY or FITNESS FOR A PARTICULAR PURPOSE.

configure:2628: $? = 0
configure:2635: gcc -v >&5
Using built-in specs.
Target: x86_64-redhat-linux
Configured with: ../configure --prefix=/usr --mandir=/usr/share/man --infodir=/usr/share/info --with-bugurl=http://bugzilla.redhat.com/bugzilla --enable-bootstrap --enable-shared --enable-threads=posix --enable-checking=release --with-system-zlib --enable-__cxa_atexit --disable-libunwind-exceptions --enable-gnu-unique-object --enable-languages=c,c++,objc,obj-c++,java,fortran,ada --enable-java-awt=gtk --disable-dssi --with-java-home=/usr/lib/jvm/java-1.5.0-gcj-1.5.0.0/jre --enable-libgcj-multifile --enable-java-maintainer-mode --with-ecj-jar=/usr/share/java/eclipse-ecj.jar --disable-libjava-multilib --with-ppl --with-cloog --with-tune=generic --with-arch_32=i686 --build=x86_64-redhat-linux
Thread model: posix
gcc version 4.4.7 20120313 (Red Hat 4.4.7-16) (GCC) 
configure:2639: $? = 0
configure:2646: gcc -V >&5
gcc: '-V' option must have argument
configure:2650: $? = 1
configure:2673: checking for C compiler default output file name
configure:2695: gcc    conftest.c  >&5
configure:2699: $? = 0
configure:2737: result: a.out
configure:2756: checking whether the C compiler works
configure:2766: ./a.out
configure:2770: $? = 0
configure:2789: result: yes
configure:2796: checking whether we are cross compiling
configure:2798: result: no
configure:2801: checking for suffix of executables
configure:2808: gcc -o conftest    conftest.c  >&5
configure:2812: $? = 0
configure:2838: result: 
configure:2844: checking for suffix of object files
configure:2870: gcc -c   conftest.c >&5
configure:2874: $? = 0
configure:2899: result: o
configure:2903: checking whether we are using the GNU C compiler
configure:2932: gcc -c   conftest.c >&5
configure:2939: $? = 0
configure:2956: result: yes
configure:2965: checking whether gcc accepts -g
configure:2995: gcc -c -g  conftest.c >&5
configure:3002: $? = 0
configure:3103: result: yes
configure:3120: checking for gcc option to accept ISO C89
configure:3194: gcc  -c -g -O2  conftest.c >&5
configure:3201: $? = 0
configure:3224: result: none needed
configure:3253: checking for style of include used by make
configure:3281: result: GNU
configure:3306: checking dependency style of gcc
configure:3416: result: gcc3
configure:3476: checking for ranlib
configure:3492: found /usr/bin/ranlib
configure:3503: result: ranlib
configure:3695: creating ./config.status

## ---------------------- ##
## Running config.status. ##
## ---------------------- ##

This file was extended by hello config.status 1.1, which was
generated by GNU Autoconf 2.63.  Invocation command line was

  CONFIG_FILES    = 
  CONFIG_HEADERS  = 
  CONFIG_LINKS    = 
  CONFIG_COMMANDS = 
  $ ./config.status 

on studentworks

config.status:691: creating Makefile
config.status:691: creating head/Makefile
config.status:902: executing depfiles commands

## ---------------- ##
## Cache variables. ##
## ---------------- ##

ac_cv_c_compiler_gnu=yes
ac_cv_env_CC_set=
ac_cv_env_CC_value=
ac_cv_env_CFLAGS_set=
ac_cv_env_CFLAGS_value=
ac_cv_env_CPPFLAGS_set=
ac_cv_env_CPPFLAGS_value=
ac_cv_env_LDFLAGS_set=
ac_cv_env_LDFLAGS_value=
ac_cv_env_LIBS_set=
ac_cv_env_LIBS_value=
ac_cv_env_build_alias_set=
ac_cv_env_build_alias_value=
ac_cv_env_host_alias_set=
ac_cv_env_host_alias_value=
ac_cv_env_target_alias_set=
ac_cv_env_target_alias_value=
ac_cv_objext=o
ac_cv_path_install='/usr/bin/install -c'
ac_cv_path_mkdir=/bin/mkdir
ac_cv_prog_AWK=gawk
ac_cv_prog_ac_ct_CC=gcc
ac_cv_prog_ac_ct_RANLIB=ranlib
ac_cv_prog_cc_c89=
ac_cv_prog_cc_g=yes
ac_cv_prog_make_make_set=yes
am_cv_CC_dependencies_compiler_type=gcc3

## ----------------- ##
## Output variables. ##
## ----------------- ##

ACLOCAL='${SHELL} /media/data/ingenic/C/makefile/automake/shallow_automake/helloworld/missing --run aclocal-1.11'
AMDEPBACKSLASH='\'
AMDEP_FALSE='#'
AMDEP_TRUE=''
AMTAR='${SHELL} /media/data/ingenic/C/makefile/automake/shallow_automake/helloworld/missing --run tar'
AUTOCONF='${SHELL} /media/data/ingenic/C/makefile/automake/shallow_automake/helloworld/missing --run autoconf'
AUTOHEADER='${SHELL} /media/data/ingenic/C/makefile/automake/shallow_automake/helloworld/missing --run autoheader'
AUTOMAKE='${SHELL} /media/data/ingenic/C/makefile/automake/shallow_automake/helloworld/missing --run automake-1.11'
AWK='gawk'
CC='gcc'
CCDEPMODE='depmode=gcc3'
CFLAGS='-g -O2'
CPPFLAGS=''
CYGPATH_W='echo'
DEFS='-DPACKAGE_NAME=\"hello\" -DPACKAGE_TARNAME=\"hello\" -DPACKAGE_VERSION=\"1.1\" -DPACKAGE_STRING=\"hello\ 1.1\" -DPACKAGE_BUGREPORT=\"jiankangshiye@aliyun.com\" -DPACKAGE=\"hello\" -DVERSION=\"1.1\"'
DEPDIR='.deps'
ECHO_C=''
ECHO_N='-n'
ECHO_T=''
EXEEXT=''
INSTALL_DATA='${INSTALL} -m 644'
INSTALL_PROGRAM='${INSTALL}'
INSTALL_SCRIPT='${INSTALL}'
INSTALL_STRIP_PROGRAM='$(install_sh) -c -s'
LDFLAGS=''
LIBOBJS=''
LIBS=''
LTLIBOBJS=''
MAKEINFO='${SHELL} /media/data/ingenic/C/makefile/automake/shallow_automake/helloworld/missing --run makeinfo'
MKDIR_P='/bin/mkdir -p'
OBJEXT='o'
PACKAGE='hello'
PACKAGE_BUGREPORT='jiankangshiye@aliyun.com'
PACKAGE_NAME='hello'
PACKAGE_STRING='hello 1.1'
PACKAGE_TARNAME='hello'
PACKAGE_VERSION='1.1'
PATH_SEPARATOR=':'
RANLIB='ranlib'
SET_MAKE=''
SHELL='/bin/sh'
STRIP=''
VERSION='1.1'
ac_ct_CC='gcc'
am__EXEEXT_FALSE=''
am__EXEEXT_TRUE='#'
am__fastdepCC_FALSE='#'
am__fastdepCC_TRUE=''
am__include='include'
am__isrc=''
am__leading_dot='.'
am__quote=''
am__tar='${AMTAR} chof - "$$tardir"'
am__untar='${AMTAR} xf -'
bindir='${exec_prefix}/bin'
build_alias=''
datadir='${datarootdir}'
datarootdir='${prefix}/share'
docdir='${datarootdir}/doc/${PACKAGE_TARNAME}'
dvidir='${docdir}'
exec_prefix='${prefix}'
host_alias=''
htmldir='${docdir}'
includedir='${prefix}/include'
infodir='${datarootdir}/info'
install_sh='${SHELL} /media/data/ingenic/C/makefile/automake/shallow_automake/helloworld/install-sh'
libdir='${exec_prefix}/lib'
libexecdir='${exec_prefix}/libexec'
localedir='${datarootdir}/locale'
localstatedir='${prefix}/var'
mandir='${datarootdir}/man'
mkdir_p='/bin/mkdir -p'
oldincludedir='/usr/include'
pdfdir='${docdir}'
prefix='/usr/local'
program_transform_name='s,x,x,'
psdir='${docdir}'
sbindir='${exec_prefix}/sbin'
sharedstatedir='${prefix}/com'
sysconfdir='${prefix}/etc'
target_alias=''

## ----------- ##
## confdefs.h. ##
## ----------- ##

#define PACKAGE_NAME "hello"
#define PACKAGE_TARNAME "hello"
#define PACKAGE_VERSION "1.1"
#define PACKAGE_STRING "hello 1.1"
#define PACKAGE_BUGREPORT "jiankangshiye@aliyun.com"
#define PACKAGE "hello"
#define VERSION "1.1"

configure: exit 0
